<?xml version="1.0" encoding="UTF-8"?>
<!-- Generated by org.testng.reporters.JUnitXMLReporter -->
<testsuite ignored="21" hostname="DESKTOP-S3Q7NR0" failures="0" tests="3" name="Regression" time="196.202" errors="0" timestamp="2022-08-16T20:27:32 IST">
  <testcase classname="com.mystore.testscript.OrderPageTest" name="verifyTotalPrice" time="45.345"/>
  <testcase classname="com.mystore.testscript.EndToEndTest" name="endtoendtest" time="61.118"/>
  <testcase classname="com.mystore.testscript.AddToCartPageTest" name="addToCartPage" time="19.365"/>
  <testcase classname="com.mystore.base.BaseClass" name="@BeforeSuite beforeSuite" time="0.0">
    <ignored/>
  </testcase> <!-- @BeforeSuite beforeSuite -->
  <testcase classname="com.mystore.base.BaseClass" name="@BeforeSuite beforeSuite" time="0.0">
    <ignored/>
  </testcase> <!-- @BeforeSuite beforeSuite -->
  <testcase classname="com.mystore.base.BaseClass" name="@BeforeSuite beforeSuite" time="0.0">
    <ignored/>
  </testcase> <!-- @BeforeSuite beforeSuite -->
  <testcase classname="com.mystore.base.BaseClass" name="@BeforeSuite beforeSuite" time="0.0">
    <ignored/>
  </testcase> <!-- @BeforeSuite beforeSuite -->
  <testcase classname="com.mystore.base.BaseClass" name="@BeforeSuite beforeSuite" time="0.0">
    <ignored/>
  </testcase> <!-- @BeforeSuite beforeSuite -->
  <testcase classname="com.mystore.base.BaseClass" name="@BeforeSuite beforeSuite" time="0.0">
    <ignored/>
  </testcase> <!-- @BeforeSuite beforeSuite -->
  <testcase classname="com.mystore.base.BaseClass" name="@BeforeSuite beforeSuite" time="0.0">
    <ignored/>
  </testcase> <!-- @BeforeSuite beforeSuite -->
  <testcase classname="com.mystore.base.BaseClass" name="@BeforeTest readConfig" time="0.0">
    <ignored/>
  </testcase> <!-- @BeforeTest readConfig -->
  <testcase classname="com.mystore.base.BaseClass" name="@BeforeTest readConfig" time="0.0">
    <ignored/>
  </testcase> <!-- @BeforeTest readConfig -->
  <testcase classname="com.mystore.base.BaseClass" name="@BeforeTest readConfig" time="0.0">
    <ignored/>
  </testcase> <!-- @BeforeTest readConfig -->
  <testcase classname="com.mystore.base.BaseClass" name="@BeforeTest readConfig" time="0.0">
    <ignored/>
  </testcase> <!-- @BeforeTest readConfig -->
  <testcase classname="com.mystore.base.BaseClass" name="@BeforeTest readConfig" time="0.0">
    <ignored/>
  </testcase> <!-- @BeforeTest readConfig -->
  <testcase classname="com.mystore.base.BaseClass" name="@BeforeTest readConfig" time="0.0">
    <ignored/>
  </testcase> <!-- @BeforeTest readConfig -->
  <testcase classname="com.mystore.base.BaseClass" name="@BeforeTest readConfig" time="0.0">
    <ignored/>
  </testcase> <!-- @BeforeTest readConfig -->
  <testcase classname="com.mystore.testscript.HomePageTest" name="orderhistorydetail" time="0.0">
    <ignored/>
  </testcase> <!-- orderhistorydetail -->
  <testcase classname="com.mystore.testscript.HomePageTest" name="wishListTest" time="0.0">
    <ignored/>
  </testcase> <!-- wishListTest -->
  <testcase classname="com.mystore.testscript.IndexPageTest" name="verifyTitle" time="0.0">
    <ignored/>
  </testcase> <!-- verifyTitle -->
  <testcase classname="com.mystore.testscript.IndexPageTest" name="verifyLogo" time="0.0">
    <ignored/>
  </testcase> <!-- verifyLogo -->
  <testcase classname="com.mystore.testscript.SearchResultPageTest" name="productavialabilityTest" time="0.0">
    <ignored/>
  </testcase> <!-- productavialabilityTest -->
  <testcase classname="com.mystore.testscript.LoginPageTest" name="loginTest" time="0.0">
    <ignored/>
  </testcase> <!-- loginTest -->
  <testcase classname="com.mystore.testscript.AccountCreationPageTest" name="varifyAccountCreationPage" time="0.0">
    <ignored/>
  </testcase> <!-- varifyAccountCreationPage -->
</testsuite> <!-- Regression -->
