<?xml version="1.0" encoding="UTF-8"?>
<!-- Generated by org.testng.reporters.JUnitXMLReporter -->
<testsuite ignored="14" hostname="DESKTOP-S3Q7NR0" failures="0" tests="10" name="Test_All" time="318.764" errors="0" timestamp="2022-08-17T21:10:57 IST">
  <testcase classname="com.mystore.testscript.HomePageTest" name="orderhistorydetail" time="18.482"/>
  <testcase classname="com.mystore.testscript.HomePageTest" name="wishListTest" time="33.474"/>
  <testcase classname="com.mystore.testscript.OrderPageTest" name="verifyTotalPrice" time="29.341"/>
  <testcase classname="com.mystore.testscript.EndToEndTest" name="endtoendtest" time="37.731"/>
  <testcase classname="com.mystore.testscript.LoginPageTest" name="loginTest" time="11.93"/>
  <testcase classname="com.mystore.testscript.AccountCreationPageTest" name="varifyAccountCreationPage" time="7.288"/>
  <testcase classname="com.mystore.testscript.AddToCartPageTest" name="addToCartPage" time="21.83"/>
  <testcase classname="com.mystore.testscript.IndexPageTest" name="verifyLogo" time="0.236"/>
  <testcase classname="com.mystore.testscript.IndexPageTest" name="verifyTitle" time="0.018"/>
  <testcase classname="com.mystore.testscript.SearchResultPageTest" name="productavialabilityTest" time="8.515"/>
  <testcase classname="com.mystore.base.BaseClass" name="@BeforeSuite Config" time="0.0">
    <ignored/>
  </testcase> <!-- @BeforeSuite Config -->
  <testcase classname="com.mystore.base.BaseClass" name="@BeforeSuite Config" time="0.0">
    <ignored/>
  </testcase> <!-- @BeforeSuite Config -->
  <testcase classname="com.mystore.base.BaseClass" name="@BeforeSuite Config" time="0.0">
    <ignored/>
  </testcase> <!-- @BeforeSuite Config -->
  <testcase classname="com.mystore.base.BaseClass" name="@BeforeSuite Config" time="0.0">
    <ignored/>
  </testcase> <!-- @BeforeSuite Config -->
  <testcase classname="com.mystore.base.BaseClass" name="@BeforeSuite Config" time="0.0">
    <ignored/>
  </testcase> <!-- @BeforeSuite Config -->
  <testcase classname="com.mystore.base.BaseClass" name="@BeforeSuite Config" time="0.0">
    <ignored/>
  </testcase> <!-- @BeforeSuite Config -->
  <testcase classname="com.mystore.base.BaseClass" name="@BeforeSuite Config" time="0.0">
    <ignored/>
  </testcase> <!-- @BeforeSuite Config -->
  <testcase classname="com.mystore.base.BaseClass" name="@AfterSuite afterSuite" time="0.0">
    <ignored/>
  </testcase> <!-- @AfterSuite afterSuite -->
  <testcase classname="com.mystore.base.BaseClass" name="@AfterSuite afterSuite" time="0.0">
    <ignored/>
  </testcase> <!-- @AfterSuite afterSuite -->
  <testcase classname="com.mystore.base.BaseClass" name="@AfterSuite afterSuite" time="0.0">
    <ignored/>
  </testcase> <!-- @AfterSuite afterSuite -->
  <testcase classname="com.mystore.base.BaseClass" name="@AfterSuite afterSuite" time="0.0">
    <ignored/>
  </testcase> <!-- @AfterSuite afterSuite -->
  <testcase classname="com.mystore.base.BaseClass" name="@AfterSuite afterSuite" time="0.0">
    <ignored/>
  </testcase> <!-- @AfterSuite afterSuite -->
  <testcase classname="com.mystore.base.BaseClass" name="@AfterSuite afterSuite" time="0.0">
    <ignored/>
  </testcase> <!-- @AfterSuite afterSuite -->
  <testcase classname="com.mystore.base.BaseClass" name="@AfterSuite afterSuite" time="0.0">
    <ignored/>
  </testcase> <!-- @AfterSuite afterSuite -->
</testsuite> <!-- Test_All -->
